<?xml version="1.0" encoding="UTF-8"?>
<!-- Generated by org.testng.reporters.JUnitReportReporter -->
<testsuite hostname="DESKTOP-FQAP750" failures="0" tests="1" name="com.bank.testcases.LoginTest" time="3.779" errors="0" timestamp="2023-02-08T11:17:32 IST" skipped="0">
  <testcase classname="com.bank.testcases.LoginTest" name="loginasBankManager" time="3.779"/>
  <system-out>
    <![CDATA[Test Pass LOGINASBANKMANAGER]]>
  </system-out>
</testsuite> <!-- com.bank.testcases.LoginTest -->
