<?xml version="1.0" encoding="UTF-8"?>
<!-- Generated by org.testng.reporters.JUnitReportReporter -->
<testsuite hostname="DESKTOP-FQAP750" failures="0" tests="3" name="com.bank.testcases.AddCustomerTest" time="7.693" errors="0" timestamp="2023-02-08T11:17:32 IST" skipped="0">
  <testcase classname="com.bank.testcases.AddCustomerTest" name="addCustomer" time="2.341"/>
  <system-out>
    <![CDATA[Test Pass ADDCUSTOMER]]>
  </system-out>
  <testcase classname="com.bank.testcases.AddCustomerTest" name="addCustomer" time="2.859"/>
  <system-out>
    <![CDATA[Test Pass ADDCUSTOMER]]>
  </system-out>
  <testcase classname="com.bank.testcases.AddCustomerTest" name="addCustomer" time="2.493"/>
  <system-out>
    <![CDATA[Test Pass ADDCUSTOMER]]>
  </system-out>
</testsuite> <!-- com.bank.testcases.AddCustomerTest -->
